Compiling the C compiler identification source file "CMakeCCompilerId.c" failed.
Compiler: /Users/tony/Development/Android/NDK/toolchains/mipsel-linux-android-4.9/prebuilt/darwin-x86_64/bin/mipsel-linux-android-gcc 
Build flags: -g;-DANDROID;-ffunction-sections;-funwind-tables;-fstack-protector-strong;-no-canonical-prefixes;-Wa,--noexecstack;-Wformat;-Werror=format-security;-g;-DANDROID;-ffunction-sections;-funwind-tables;-fstack-protector-strong;-no-canonical-prefixes;-Wa,--noexecstack;-Wformat;-Werror=format-security;
Id flags: 

The output was:
1
/Users/tony/Development/Android/NDK/toolchains/mipsel-linux-android-4.9/prebuilt/darwin-x86_64/bin/../lib/gcc/mipsel-linux-android/4.9.x/../../../../mipsel-linux-android/bin/ld: cannot find crtbegin_dynamic.o: No such file or directory
/Users/tony/Development/Android/NDK/toolchains/mipsel-linux-android-4.9/prebuilt/darwin-x86_64/bin/../lib/gcc/mipsel-linux-android/4.9.x/../../../../mipsel-linux-android/bin/ld: cannot find -lc
/Users/tony/Development/Android/NDK/toolchains/mipsel-linux-android-4.9/prebuilt/darwin-x86_64/bin/../lib/gcc/mipsel-linux-android/4.9.x/../../../../mipsel-linux-android/bin/ld: cannot find -ldl
/Users/tony/Development/Android/NDK/toolchains/mipsel-linux-android-4.9/prebuilt/darwin-x86_64/bin/../lib/gcc/mipsel-linux-android/4.9.x/../../../../mipsel-linux-android/bin/ld: cannot find crtend_android.o: No such file or directory
collect2: error: ld returned 1 exit status


Compiling the CXX compiler identification source file "CMakeCXXCompilerId.cpp" failed.
Compiler: /Users/tony/Development/Android/NDK/toolchains/mipsel-linux-android-4.9/prebuilt/darwin-x86_64/bin/mipsel-linux-android-g++ 
Build flags: -g;-DANDROID;-ffunction-sections;-funwind-tables;-fstack-protector-strong;-no-canonical-prefixes;-Wa,--noexecstack;-Wformat;-Werror=format-security;-fno-exceptions;-fno-rtti;-g;-DANDROID;-ffunction-sections;-funwind-tables;-fstack-protector-strong;-no-canonical-prefixes;-Wa,--noexecstack;-Wformat;-Werror=format-security;-fno-exceptions;-fno-rtti;-std=c++14;-frtti;-fexceptions
Id flags: 

The output was:
1
/Users/tony/Development/Android/NDK/toolchains/mipsel-linux-android-4.9/prebuilt/darwin-x86_64/bin/../lib/gcc/mipsel-linux-android/4.9.x/../../../../mipsel-linux-android/bin/ld: cannot find crtbegin_dynamic.o: No such file or directory
/Users/tony/Development/Android/NDK/toolchains/mipsel-linux-android-4.9/prebuilt/darwin-x86_64/bin/../lib/gcc/mipsel-linux-android/4.9.x/../../../../mipsel-linux-android/bin/ld: cannot find -lstdc++
/Users/tony/Development/Android/NDK/toolchains/mipsel-linux-android-4.9/prebuilt/darwin-x86_64/bin/../lib/gcc/mipsel-linux-android/4.9.x/../../../../mipsel-linux-android/bin/ld: cannot find -lm
/Users/tony/Development/Android/NDK/toolchains/mipsel-linux-android-4.9/prebuilt/darwin-x86_64/bin/../lib/gcc/mipsel-linux-android/4.9.x/../../../../mipsel-linux-android/bin/ld: cannot find -lc
/Users/tony/Development/Android/NDK/toolchains/mipsel-linux-android-4.9/prebuilt/darwin-x86_64/bin/../lib/gcc/mipsel-linux-android/4.9.x/../../../../mipsel-linux-android/bin/ld: cannot find -ldl
/Users/tony/Development/Android/NDK/toolchains/mipsel-linux-android-4.9/prebuilt/darwin-x86_64/bin/../lib/gcc/mipsel-linux-android/4.9.x/../../../../mipsel-linux-android/bin/ld: cannot find crtend_android.o: No such file or directory
collect2: error: ld returned 1 exit status


