The target system is: Android - 21 - mips64
The host system is: Darwin - 17.4.0 - x86_64
Compiling the C compiler identification source file "CMakeCCompilerId.c" succeeded.
Compiler: /Users/tony/Development/Android/NDK/toolchains/mips64el-linux-android-4.9/prebuilt/darwin-x86_64/bin/mips64el-linux-android-gcc 
Build flags: -g;-DANDROID;-ffunction-sections;-funwind-tables;-fstack-protector-strong;-no-canonical-prefixes;-Wa,--noexecstack;-Wformat;-Werror=format-security;-g;-DANDROID;-ffunction-sections;-funwind-tables;-fstack-protector-strong;-no-canonical-prefixes;-Wa,--noexecstack;-Wformat;-Werror=format-security;
Id flags: -c

The output was:
0


Compilation of the C compiler identification source "CMakeCCompilerId.c" produced "CMakeCCompilerId.o"

The C compiler identification is GNU, found in "/Users/Tony/Development/Cantor/TicMyTac/app/.externalNativeBuild/cmake/debug/mips64/CMakeFiles/3.6.0-rc2/CompilerIdC/CMakeCCompilerId.o"

Compiling the CXX compiler identification source file "CMakeCXXCompilerId.cpp" succeeded.
Compiler: /Users/tony/Development/Android/NDK/toolchains/mips64el-linux-android-4.9/prebuilt/darwin-x86_64/bin/mips64el-linux-android-g++ 
Build flags: -g;-DANDROID;-ffunction-sections;-funwind-tables;-fstack-protector-strong;-no-canonical-prefixes;-Wa,--noexecstack;-Wformat;-Werror=format-security;-fno-exceptions;-fno-rtti;-g;-DANDROID;-ffunction-sections;-funwind-tables;-fstack-protector-strong;-no-canonical-prefixes;-Wa,--noexecstack;-Wformat;-Werror=format-security;-fno-exceptions;-fno-rtti;-std=c++14;-frtti;-fexceptions
Id flags: -c

The output was:
0


Compilation of the CXX compiler identification source "CMakeCXXCompilerId.cpp" produced "CMakeCXXCompilerId.o"

The CXX compiler identification is GNU, found in "/Users/Tony/Development/Cantor/TicMyTac/app/.externalNativeBuild/cmake/debug/mips64/CMakeFiles/3.6.0-rc2/CompilerIdCXX/CMakeCXXCompilerId.o"

Determining if the C compiler works passed with the following output:
Change Dir: /Users/Tony/Development/Cantor/TicMyTac/app/.externalNativeBuild/cmake/debug/mips64/CMakeFiles/CMakeTmp

Run Build Command:"/Users/tony/Development/Android/SDK/cmake/3.6.4111459/bin/ninja" "cmTC_b6f80"
[1/2] Building C object CMakeFiles/cmTC_b6f80.dir/testCCompiler.c.o
[2/2] Linking C executable cmTC_b6f80


Detecting C compiler ABI info compiled with the following output:
Change Dir: /Users/Tony/Development/Cantor/TicMyTac/app/.externalNativeBuild/cmake/debug/mips64/CMakeFiles/CMakeTmp

Run Build Command:"/Users/tony/Development/Android/SDK/cmake/3.6.4111459/bin/ninja" "cmTC_43878"
[1/2] Building C object CMakeFiles/cmTC_43878.dir/CMakeCCompilerABI.c.o
[2/2] Linking C executable cmTC_43878
Using built-in specs.
COLLECT_GCC=/Users/tony/Development/Android/NDK/toolchains/mips64el-linux-android-4.9/prebuilt/darwin-x86_64/bin/mips64el-linux-android-gcc
COLLECT_LTO_WRAPPER=/Users/tony/Development/Android/NDK/toolchains/mips64el-linux-android-4.9/prebuilt/darwin-x86_64/bin/../libexec/gcc/mips64el-linux-android/4.9.x/lto-wrapper
Target: mips64el-linux-android
Configured with: /Volumes/Android/buildbot/src/android/gcc/toolchain/build/../gcc/gcc-4.9/configure --prefix=/tmp/22cd126af46cb089492dfed08f00a6e4 --target=mips64el-linux-android --host=x86_64-apple-darwin --build=x86_64-apple-darwin --with-gnu-as --with-gnu-ld --enable-languages=c,c++ --with-gmp=/buildbot/tmp/build/toolchain/temp-install --with-mpfr=/buildbot/tmp/build/toolchain/temp-install --with-mpc=/buildbot/tmp/build/toolchain/temp-install --with-cloog=/buildbot/tmp/build/toolchain/temp-install --with-isl=/buildbot/tmp/build/toolchain/temp-install --with-ppl=/buildbot/tmp/build/toolchain/temp-install --disable-ppl-version-check --disable-cloog-version-check --disable-isl-version-check --enable-cloog-backend=isl --with-host-libstdcxx='-static-libgcc -lstdc++ -lm' --disable-libssp --enable-threads --disable-nls --disable-libmudflap --disable-libgomp --disable-libstdc__-v3 --disable-sjlj-exceptions --disable-shared --disable-tls --disable-libitm --enable-bionic-libs --enable-libatomic-ifuncs=no --enable-initfini-array --disable-nls --prefix=/tmp/22cd126af46cb089492dfed08f00a6e4 --with-sysroot=/tmp/22cd126af46cb089492dfed08f00a6e4/sysroot --with-binutils-version=2.25 --with-mpfr-version=3.1.1 --with-mpc-version=1.0.1 --with-gmp-version=5.0.5 --with-gcc-version=4.9 --with-gdb-version=none --with-gxx-include-dir=/tmp/22cd126af46cb089492dfed08f00a6e4/include/c++/4.9.x --with-bugurl=http://source.android.com/source/report-bugs.html --enable-languages=c,c++ --disable-bootstrap --enable-plugins --enable-libgomp --enable-gnu-indirect-function --disable-libsanitizer --enable-threads --enable-eh-frame-hdr-for-static --enable-graphite=yes --with-isl-version=0.11.1 --with-cloog-version=0.18.0 --with-arch=mips64r6 --disable-fixed-point --program-transform-name='s&^&mips64el-linux-android-&'
Thread model: posix
gcc version 4.9.x 20150123 (prerelease) (GCC) 
COMPILER_PATH=/Users/tony/Development/Android/NDK/toolchains/mips64el-linux-android-4.9/prebuilt/darwin-x86_64/bin/../libexec/gcc/mips64el-linux-android/4.9.x/:/Users/tony/Development/Android/NDK/toolchains/mips64el-linux-android-4.9/prebuilt/darwin-x86_64/bin/../libexec/gcc/:/Users/tony/Development/Android/NDK/toolchains/mips64el-linux-android-4.9/prebuilt/darwin-x86_64/bin/../lib/gcc/mips64el-linux-android/4.9.x/../../../../mips64el-linux-android/bin/
LIBRARY_PATH=/Users/tony/Development/Android/NDK/toolchains/mips64el-linux-android-4.9/prebuilt/darwin-x86_64/bin/../lib/gcc/mips64el-linux-android/4.9.x/:/Users/tony/Development/Android/NDK/toolchains/mips64el-linux-android-4.9/prebuilt/darwin-x86_64/bin/../lib/gcc/:/Users/tony/Development/Android/NDK/toolchains/mips64el-linux-android-4.9/prebuilt/darwin-x86_64/bin/../lib/gcc/mips64el-linux-android/4.9.x/../../../../mips64el-linux-android/lib/../lib64/:/Users/tony/Development/Android/NDK/platforms/android-21/arch-mips64/usr/lib64/../lib64/:/Users/tony/Development/Android/NDK/toolchains/mips64el-linux-android-4.9/prebuilt/darwin-x86_64/bin/../lib/gcc/mips64el-linux-android/4.9.x/../../../../mips64el-linux-android/lib/:/Users/tony/Development/Android/NDK/platforms/android-21/arch-mips64/usr/lib64/
COLLECT_GCC_OPTIONS='-g' '-D' 'ANDROID' '-fstack-protector-strong' '-Wformat=1' '-Werror=format-security' '-g' '-D' 'ANDROID' '-ffunction-sections' '-funwind-tables' '-fstack-protector-strong' '-Wformat=1' '-Werror=format-security' '-pie' '-fPIE' '-v' '-o' 'cmTC_43878' '-march=mips64r6' '-mllsc' '-mips64r6' '-msynci' '-mabi=64' '-mnan=2008' '-EL'
 /Users/tony/Development/Android/NDK/toolchains/mips64el-linux-android-4.9/prebuilt/darwin-x86_64/bin/../libexec/gcc/mips64el-linux-android/4.9.x/collect2 -plugin /Users/tony/Development/Android/NDK/toolchains/mips64el-linux-android-4.9/prebuilt/darwin-x86_64/bin/../libexec/gcc/mips64el-linux-android/4.9.x/liblto_plugin.so -plugin-opt=/Users/tony/Development/Android/NDK/toolchains/mips64el-linux-android-4.9/prebuilt/darwin-x86_64/bin/../libexec/gcc/mips64el-linux-android/4.9.x/lto-wrapper -plugin-opt=-fresolution=/var/folders/rv/fl0q19yj18nbx21bcm372h3m0000gn/T//ccv00P0B.res -plugin-opt=-pass-through=-lgcc -plugin-opt=-pass-through=-lc -plugin-opt=-pass-through=-ldl -plugin-opt=-pass-through=-lgcc --sysroot=/Users/tony/Development/Android/NDK/platforms/android-21/arch-mips64 --eh-frame-hdr -EL -mips64r6 -dynamic-linker /system/bin/linker64 -melf64ltsmip -z noexecstack -z relro -z now -pie -o cmTC_43878 /Users/tony/Development/Android/NDK/platforms/android-21/arch-mips64/usr/lib64/../lib64/crtbegin_dynamic.o -L/Users/tony/Development/Android/NDK/toolchains/mips64el-linux-android-4.9/prebuilt/darwin-x86_64/bin/../lib/gcc/mips64el-linux-android/4.9.x -L/Users/tony/Development/Android/NDK/toolchains/mips64el-linux-android-4.9/prebuilt/darwin-x86_64/bin/../lib/gcc -L/Users/tony/Development/Android/NDK/toolchains/mips64el-linux-android-4.9/prebuilt/darwin-x86_64/bin/../lib/gcc/mips64el-linux-android/4.9.x/../../../../mips64el-linux-android/lib/../lib64 -L/Users/tony/Development/Android/NDK/platforms/android-21/arch-mips64/usr/lib64/../lib64 -L/Users/tony/Development/Android/NDK/toolchains/mips64el-linux-android-4.9/prebuilt/darwin-x86_64/bin/../lib/gcc/mips64el-linux-android/4.9.x/../../../../mips64el-linux-android/lib -L/Users/tony/Development/Android/NDK/platforms/android-21/arch-mips64/usr/lib64 --build-id --warn-shared-textrel --fatal-warnings --no-undefined -z noexecstack -z relro -z now --gc-sections -z nocopyreloc --build-id --warn-shared-textrel --fatal-warnings --no-undefined -z noexecstack -z relro -z now --gc-sections -z nocopyreloc CMakeFiles/cmTC_43878.dir/CMakeCCompilerABI.c.o -lgcc -lc -ldl -lgcc /Users/tony/Development/Android/NDK/platforms/android-21/arch-mips64/usr/lib64/../lib64/crtend_android.o


Parsed C implicit link information from above output:
  link line regex: [^( *|.*[/\])(mips64el-linux-android-ld|([^/\]+-)?ld|collect2)[^/\]*( |$)]
  ignore line: [Change Dir: /Users/Tony/Development/Cantor/TicMyTac/app/.externalNativeBuild/cmake/debug/mips64/CMakeFiles/CMakeTmp]
  ignore line: []
  ignore line: [Run Build Command:"/Users/tony/Development/Android/SDK/cmake/3.6.4111459/bin/ninja" "cmTC_43878"]
  ignore line: [[1/2] Building C object CMakeFiles/cmTC_43878.dir/CMakeCCompilerABI.c.o]
  ignore line: [[2/2] Linking C executable cmTC_43878]
  ignore line: [Using built-in specs.]
  ignore line: [COLLECT_GCC=/Users/tony/Development/Android/NDK/toolchains/mips64el-linux-android-4.9/prebuilt/darwin-x86_64/bin/mips64el-linux-android-gcc]
  ignore line: [COLLECT_LTO_WRAPPER=/Users/tony/Development/Android/NDK/toolchains/mips64el-linux-android-4.9/prebuilt/darwin-x86_64/bin/../libexec/gcc/mips64el-linux-android/4.9.x/lto-wrapper]
  ignore line: [Target: mips64el-linux-android]
  ignore line: [Configured with: /Volumes/Android/buildbot/src/android/gcc/toolchain/build/../gcc/gcc-4.9/configure --prefix=/tmp/22cd126af46cb089492dfed08f00a6e4 --target=mips64el-linux-android --host=x86_64-apple-darwin --build=x86_64-apple-darwin --with-gnu-as --with-gnu-ld --enable-languages=c,c++ --with-gmp=/buildbot/tmp/build/toolchain/temp-install --with-mpfr=/buildbot/tmp/build/toolchain/temp-install --with-mpc=/buildbot/tmp/build/toolchain/temp-install --with-cloog=/buildbot/tmp/build/toolchain/temp-install --with-isl=/buildbot/tmp/build/toolchain/temp-install --with-ppl=/buildbot/tmp/build/toolchain/temp-install --disable-ppl-version-check --disable-cloog-version-check --disable-isl-version-check --enable-cloog-backend=isl --with-host-libstdcxx='-static-libgcc -lstdc++ -lm' --disable-libssp --enable-threads --disable-nls --disable-libmudflap --disable-libgomp --disable-libstdc__-v3 --disable-sjlj-exceptions --disable-shared --disable-tls --disable-libitm --enable-bionic-libs --enable-libatomic-ifuncs=no --enable-initfini-array --disable-nls --prefix=/tmp/22cd126af46cb089492dfed08f00a6e4 --with-sysroot=/tmp/22cd126af46cb089492dfed08f00a6e4/sysroot --with-binutils-version=2.25 --with-mpfr-version=3.1.1 --with-mpc-version=1.0.1 --with-gmp-version=5.0.5 --with-gcc-version=4.9 --with-gdb-version=none --with-gxx-include-dir=/tmp/22cd126af46cb089492dfed08f00a6e4/include/c++/4.9.x --with-bugurl=http://source.android.com/source/report-bugs.html --enable-languages=c,c++ --disable-bootstrap --enable-plugins --enable-libgomp --enable-gnu-indirect-function --disable-libsanitizer --enable-threads --enable-eh-frame-hdr-for-static --enable-graphite=yes --with-isl-version=0.11.1 --with-cloog-version=0.18.0 --with-arch=mips64r6 --disable-fixed-point --program-transform-name='s&^&mips64el-linux-android-&']
  ignore line: [Thread model: posix]
  ignore line: [gcc version 4.9.x 20150123 (prerelease) (GCC) ]
  ignore line: [COMPILER_PATH=/Users/tony/Development/Android/NDK/toolchains/mips64el-linux-android-4.9/prebuilt/darwin-x86_64/bin/../libexec/gcc/mips64el-linux-android/4.9.x/:/Users/tony/Development/Android/NDK/toolchains/mips64el-linux-android-4.9/prebuilt/darwin-x86_64/bin/../libexec/gcc/:/Users/tony/Development/Android/NDK/toolchains/mips64el-linux-android-4.9/prebuilt/darwin-x86_64/bin/../lib/gcc/mips64el-linux-android/4.9.x/../../../../mips64el-linux-android/bin/]
  ignore line: [LIBRARY_PATH=/Users/tony/Development/Android/NDK/toolchains/mips64el-linux-android-4.9/prebuilt/darwin-x86_64/bin/../lib/gcc/mips64el-linux-android/4.9.x/:/Users/tony/Development/Android/NDK/toolchains/mips64el-linux-android-4.9/prebuilt/darwin-x86_64/bin/../lib/gcc/:/Users/tony/Development/Android/NDK/toolchains/mips64el-linux-android-4.9/prebuilt/darwin-x86_64/bin/../lib/gcc/mips64el-linux-android/4.9.x/../../../../mips64el-linux-android/lib/../lib64/:/Users/tony/Development/Android/NDK/platforms/android-21/arch-mips64/usr/lib64/../lib64/:/Users/tony/Development/Android/NDK/toolchains/mips64el-linux-android-4.9/prebuilt/darwin-x86_64/bin/../lib/gcc/mips64el-linux-android/4.9.x/../../../../mips64el-linux-android/lib/:/Users/tony/Development/Android/NDK/platforms/android-21/arch-mips64/usr/lib64/]
  ignore line: [COLLECT_GCC_OPTIONS='-g' '-D' 'ANDROID' '-fstack-protector-strong' '-Wformat=1' '-Werror=format-security' '-g' '-D' 'ANDROID' '-ffunction-sections' '-funwind-tables' '-fstack-protector-strong' '-Wformat=1' '-Werror=format-security' '-pie' '-fPIE' '-v' '-o' 'cmTC_43878' '-march=mips64r6' '-mllsc' '-mips64r6' '-msynci' '-mabi=64' '-mnan=2008' '-EL']
  link line: [ /Users/tony/Development/Android/NDK/toolchains/mips64el-linux-android-4.9/prebuilt/darwin-x86_64/bin/../libexec/gcc/mips64el-linux-android/4.9.x/collect2 -plugin /Users/tony/Development/Android/NDK/toolchains/mips64el-linux-android-4.9/prebuilt/darwin-x86_64/bin/../libexec/gcc/mips64el-linux-android/4.9.x/liblto_plugin.so -plugin-opt=/Users/tony/Development/Android/NDK/toolchains/mips64el-linux-android-4.9/prebuilt/darwin-x86_64/bin/../libexec/gcc/mips64el-linux-android/4.9.x/lto-wrapper -plugin-opt=-fresolution=/var/folders/rv/fl0q19yj18nbx21bcm372h3m0000gn/T//ccv00P0B.res -plugin-opt=-pass-through=-lgcc -plugin-opt=-pass-through=-lc -plugin-opt=-pass-through=-ldl -plugin-opt=-pass-through=-lgcc --sysroot=/Users/tony/Development/Android/NDK/platforms/android-21/arch-mips64 --eh-frame-hdr -EL -mips64r6 -dynamic-linker /system/bin/linker64 -melf64ltsmip -z noexecstack -z relro -z now -pie -o cmTC_43878 /Users/tony/Development/Android/NDK/platforms/android-21/arch-mips64/usr/lib64/../lib64/crtbegin_dynamic.o -L/Users/tony/Development/Android/NDK/toolchains/mips64el-linux-android-4.9/prebuilt/darwin-x86_64/bin/../lib/gcc/mips64el-linux-android/4.9.x -L/Users/tony/Development/Android/NDK/toolchains/mips64el-linux-android-4.9/prebuilt/darwin-x86_64/bin/../lib/gcc -L/Users/tony/Development/Android/NDK/toolchains/mips64el-linux-android-4.9/prebuilt/darwin-x86_64/bin/../lib/gcc/mips64el-linux-android/4.9.x/../../../../mips64el-linux-android/lib/../lib64 -L/Users/tony/Development/Android/NDK/platforms/android-21/arch-mips64/usr/lib64/../lib64 -L/Users/tony/Development/Android/NDK/toolchains/mips64el-linux-android-4.9/prebuilt/darwin-x86_64/bin/../lib/gcc/mips64el-linux-android/4.9.x/../../../../mips64el-linux-android/lib -L/Users/tony/Development/Android/NDK/platforms/android-21/arch-mips64/usr/lib64 --build-id --warn-shared-textrel --fatal-warnings --no-undefined -z noexecstack -z relro -z now --gc-sections -z nocopyreloc --build-id --warn-shared-textrel --fatal-warnings --no-undefined -z noexecstack -z relro -z now --gc-sections -z nocopyreloc CMakeFiles/cmTC_43878.dir/CMakeCCompilerABI.c.o -lgcc -lc -ldl -lgcc /Users/tony/Development/Android/NDK/platforms/android-21/arch-mips64/usr/lib64/../lib64/crtend_android.o]
    arg [/Users/tony/Development/Android/NDK/toolchains/mips64el-linux-android-4.9/prebuilt/darwin-x86_64/bin/../libexec/gcc/mips64el-linux-android/4.9.x/collect2] ==> ignore
    arg [-plugin] ==> ignore
    arg [/Users/tony/Development/Android/NDK/toolchains/mips64el-linux-android-4.9/prebuilt/darwin-x86_64/bin/../libexec/gcc/mips64el-linux-android/4.9.x/liblto_plugin.so] ==> ignore
    arg [-plugin-opt=/Users/tony/Development/Android/NDK/toolchains/mips64el-linux-android-4.9/prebuilt/darwin-x86_64/bin/../libexec/gcc/mips64el-linux-android/4.9.x/lto-wrapper] ==> ignore
    arg [-plugin-opt=-fresolution=/var/folders/rv/fl0q19yj18nbx21bcm372h3m0000gn/T//ccv00P0B.res] ==> ignore
    arg [-plugin-opt=-pass-through=-lgcc] ==> ignore
    arg [-plugin-opt=-pass-through=-lc] ==> ignore
    arg [-plugin-opt=-pass-through=-ldl] ==> ignore
    arg [-plugin-opt=-pass-through=-lgcc] ==> ignore
    arg [--sysroot=/Users/tony/Development/Android/NDK/platforms/android-21/arch-mips64] ==> ignore
    arg [--eh-frame-hdr] ==> ignore
    arg [-EL] ==> ignore
    arg [-mips64r6] ==> ignore
    arg [-dynamic-linker] ==> ignore
    arg [/system/bin/linker64] ==> ignore
    arg [-melf64ltsmip] ==> ignore
    arg [-znoexecstack] ==> ignore
    arg [-zrelro] ==> ignore
    arg [-znow] ==> ignore
    arg [-pie] ==> ignore
    arg [-o] ==> ignore
    arg [cmTC_43878] ==> ignore
    arg [/Users/tony/Development/Android/NDK/platforms/android-21/arch-mips64/usr/lib64/../lib64/crtbegin_dynamic.o] ==> ignore
    arg [-L/Users/tony/Development/Android/NDK/toolchains/mips64el-linux-android-4.9/prebuilt/darwin-x86_64/bin/../lib/gcc/mips64el-linux-android/4.9.x] ==> dir [/Users/tony/Development/Android/NDK/toolchains/mips64el-linux-android-4.9/prebuilt/darwin-x86_64/bin/../lib/gcc/mips64el-linux-android/4.9.x]
    arg [-L/Users/tony/Development/Android/NDK/toolchains/mips64el-linux-android-4.9/prebuilt/darwin-x86_64/bin/../lib/gcc] ==> dir [/Users/tony/Development/Android/NDK/toolchains/mips64el-linux-android-4.9/prebuilt/darwin-x86_64/bin/../lib/gcc]
    arg [-L/Users/tony/Development/Android/NDK/toolchains/mips64el-linux-android-4.9/prebuilt/darwin-x86_64/bin/../lib/gcc/mips64el-linux-android/4.9.x/../../../../mips64el-linux-android/lib/../lib64] ==> dir [/Users/tony/Development/Android/NDK/toolchains/mips64el-linux-android-4.9/prebuilt/darwin-x86_64/bin/../lib/gcc/mips64el-linux-android/4.9.x/../../../../mips64el-linux-android/lib/../lib64]
    arg [-L/Users/tony/Development/Android/NDK/platforms/android-21/arch-mips64/usr/lib64/../lib64] ==> dir [/Users/tony/Development/Android/NDK/platforms/android-21/arch-mips64/usr/lib64/../lib64]
    arg [-L/Users/tony/Development/Android/NDK/toolchains/mips64el-linux-android-4.9/prebuilt/darwin-x86_64/bin/../lib/gcc/mips64el-linux-android/4.9.x/../../../../mips64el-linux-android/lib] ==> dir [/Users/tony/Development/Android/NDK/toolchains/mips64el-linux-android-4.9/prebuilt/darwin-x86_64/bin/../lib/gcc/mips64el-linux-android/4.9.x/../../../../mips64el-linux-android/lib]
    arg [-L/Users/tony/Development/Android/NDK/platforms/android-21/arch-mips64/usr/lib64] ==> dir [/Users/tony/Development/Android/NDK/platforms/android-21/arch-mips64/usr/lib64]
    arg [--build-id] ==> ignore
    arg [--warn-shared-textrel] ==> ignore
    arg [--fatal-warnings] ==> ignore
    arg [--no-undefined] ==> ignore
    arg [-znoexecstack] ==> ignore
    arg [-zrelro] ==> ignore
    arg [-znow] ==> ignore
    arg [--gc-sections] ==> ignore
    arg [-znocopyreloc] ==> ignore
    arg [--build-id] ==> ignore
    arg [--warn-shared-textrel] ==> ignore
    arg [--fatal-warnings] ==> ignore
    arg [--no-undefined] ==> ignore
    arg [-znoexecstack] ==> ignore
    arg [-zrelro] ==> ignore
    arg [-znow] ==> ignore
    arg [--gc-sections] ==> ignore
    arg [-znocopyreloc] ==> ignore
    arg [CMakeFiles/cmTC_43878.dir/CMakeCCompilerABI.c.o] ==> ignore
    arg [-lgcc] ==> lib [gcc]
    arg [-lc] ==> lib [c]
    arg [-ldl] ==> lib [dl]
    arg [-lgcc] ==> lib [gcc]
    arg [/Users/tony/Development/Android/NDK/platforms/android-21/arch-mips64/usr/lib64/../lib64/crtend_android.o] ==> ignore
  remove lib [gcc]
  remove lib [gcc]
  collapse library dir [/Users/tony/Development/Android/NDK/toolchains/mips64el-linux-android-4.9/prebuilt/darwin-x86_64/bin/../lib/gcc/mips64el-linux-android/4.9.x] ==> [/Users/tony/Development/Android/NDK/toolchains/mips64el-linux-android-4.9/prebuilt/darwin-x86_64/lib/gcc/mips64el-linux-android/4.9.x]
  collapse library dir [/Users/tony/Development/Android/NDK/toolchains/mips64el-linux-android-4.9/prebuilt/darwin-x86_64/bin/../lib/gcc] ==> [/Users/tony/Development/Android/NDK/toolchains/mips64el-linux-android-4.9/prebuilt/darwin-x86_64/lib/gcc]
  collapse library dir [/Users/tony/Development/Android/NDK/toolchains/mips64el-linux-android-4.9/prebuilt/darwin-x86_64/bin/../lib/gcc/mips64el-linux-android/4.9.x/../../../../mips64el-linux-android/lib/../lib64] ==> [/Users/tony/Development/Android/NDK/toolchains/mips64el-linux-android-4.9/prebuilt/darwin-x86_64/mips64el-linux-android/lib64]
  collapse library dir [/Users/tony/Development/Android/NDK/platforms/android-21/arch-mips64/usr/lib64/../lib64] ==> [/Users/tony/Development/Android/NDK/platforms/android-21/arch-mips64/usr/lib64]
  collapse library dir [/Users/tony/Development/Android/NDK/toolchains/mips64el-linux-android-4.9/prebuilt/darwin-x86_64/bin/../lib/gcc/mips64el-linux-android/4.9.x/../../../../mips64el-linux-android/lib] ==> [/Users/tony/Development/Android/NDK/toolchains/mips64el-linux-android-4.9/prebuilt/darwin-x86_64/mips64el-linux-android/lib]
  collapse library dir [/Users/tony/Development/Android/NDK/platforms/android-21/arch-mips64/usr/lib64] ==> [/Users/tony/Development/Android/NDK/platforms/android-21/arch-mips64/usr/lib64]
  implicit libs: [c;dl]
  implicit dirs: [/Users/tony/Development/Android/NDK/toolchains/mips64el-linux-android-4.9/prebuilt/darwin-x86_64/lib/gcc/mips64el-linux-android/4.9.x;/Users/tony/Development/Android/NDK/toolchains/mips64el-linux-android-4.9/prebuilt/darwin-x86_64/lib/gcc;/Users/tony/Development/Android/NDK/toolchains/mips64el-linux-android-4.9/prebuilt/darwin-x86_64/mips64el-linux-android/lib64;/Users/tony/Development/Android/NDK/platforms/android-21/arch-mips64/usr/lib64;/Users/tony/Development/Android/NDK/toolchains/mips64el-linux-android-4.9/prebuilt/darwin-x86_64/mips64el-linux-android/lib]
  implicit fwks: []




Detecting C [-std=c11] compiler features compiled with the following output:
Change Dir: /Users/Tony/Development/Cantor/TicMyTac/app/.externalNativeBuild/cmake/debug/mips64/CMakeFiles/CMakeTmp

Run Build Command:"/Users/tony/Development/Android/SDK/cmake/3.6.4111459/bin/ninja" "cmTC_d2df0"
[1/2] Building C object CMakeFiles/cmTC_d2df0.dir/feature_tests.c.o
[2/2] Linking C executable cmTC_d2df0


    Feature record: C_FEATURE:1c_function_prototypes
    Feature record: C_FEATURE:1c_restrict
    Feature record: C_FEATURE:1c_static_assert
    Feature record: C_FEATURE:1c_variadic_macros


Detecting C [-std=c99] compiler features compiled with the following output:
Change Dir: /Users/Tony/Development/Cantor/TicMyTac/app/.externalNativeBuild/cmake/debug/mips64/CMakeFiles/CMakeTmp

Run Build Command:"/Users/tony/Development/Android/SDK/cmake/3.6.4111459/bin/ninja" "cmTC_c9b44"
[1/2] Building C object CMakeFiles/cmTC_c9b44.dir/feature_tests.c.o
[2/2] Linking C executable cmTC_c9b44


    Feature record: C_FEATURE:1c_function_prototypes
    Feature record: C_FEATURE:1c_restrict
    Feature record: C_FEATURE:0c_static_assert
    Feature record: C_FEATURE:1c_variadic_macros


Detecting C [-std=c90] compiler features compiled with the following output:
Change Dir: /Users/Tony/Development/Cantor/TicMyTac/app/.externalNativeBuild/cmake/debug/mips64/CMakeFiles/CMakeTmp

Run Build Command:"/Users/tony/Development/Android/SDK/cmake/3.6.4111459/bin/ninja" "cmTC_ee3d7"
[1/2] Building C object CMakeFiles/cmTC_ee3d7.dir/feature_tests.c.o
[2/2] Linking C executable cmTC_ee3d7


    Feature record: C_FEATURE:1c_function_prototypes
    Feature record: C_FEATURE:0c_restrict
    Feature record: C_FEATURE:0c_static_assert
    Feature record: C_FEATURE:0c_variadic_macros
Determining if the CXX compiler works passed with the following output:
Change Dir: /Users/Tony/Development/Cantor/TicMyTac/app/.externalNativeBuild/cmake/debug/mips64/CMakeFiles/CMakeTmp

Run Build Command:"/Users/tony/Development/Android/SDK/cmake/3.6.4111459/bin/ninja" "cmTC_09edd"
[1/2] Building CXX object CMakeFiles/cmTC_09edd.dir/testCXXCompiler.cxx.o
[2/2] Linking CXX executable cmTC_09edd


Detecting CXX compiler ABI info compiled with the following output:
Change Dir: /Users/Tony/Development/Cantor/TicMyTac/app/.externalNativeBuild/cmake/debug/mips64/CMakeFiles/CMakeTmp

Run Build Command:"/Users/tony/Development/Android/SDK/cmake/3.6.4111459/bin/ninja" "cmTC_352e8"
[1/2] Building CXX object CMakeFiles/cmTC_352e8.dir/CMakeCXXCompilerABI.cpp.o
[2/2] Linking CXX executable cmTC_352e8
Using built-in specs.
COLLECT_GCC=/Users/tony/Development/Android/NDK/toolchains/mips64el-linux-android-4.9/prebuilt/darwin-x86_64/bin/mips64el-linux-android-g++
COLLECT_LTO_WRAPPER=/Users/tony/Development/Android/NDK/toolchains/mips64el-linux-android-4.9/prebuilt/darwin-x86_64/bin/../libexec/gcc/mips64el-linux-android/4.9.x/lto-wrapper
Target: mips64el-linux-android
Configured with: /Volumes/Android/buildbot/src/android/gcc/toolchain/build/../gcc/gcc-4.9/configure --prefix=/tmp/22cd126af46cb089492dfed08f00a6e4 --target=mips64el-linux-android --host=x86_64-apple-darwin --build=x86_64-apple-darwin --with-gnu-as --with-gnu-ld --enable-languages=c,c++ --with-gmp=/buildbot/tmp/build/toolchain/temp-install --with-mpfr=/buildbot/tmp/build/toolchain/temp-install --with-mpc=/buildbot/tmp/build/toolchain/temp-install --with-cloog=/buildbot/tmp/build/toolchain/temp-install --with-isl=/buildbot/tmp/build/toolchain/temp-install --with-ppl=/buildbot/tmp/build/toolchain/temp-install --disable-ppl-version-check --disable-cloog-version-check --disable-isl-version-check --enable-cloog-backend=isl --with-host-libstdcxx='-static-libgcc -lstdc++ -lm' --disable-libssp --enable-threads --disable-nls --disable-libmudflap --disable-libgomp --disable-libstdc__-v3 --disable-sjlj-exceptions --disable-shared --disable-tls --disable-libitm --enable-bionic-libs --enable-libatomic-ifuncs=no --enable-initfini-array --disable-nls --prefix=/tmp/22cd126af46cb089492dfed08f00a6e4 --with-sysroot=/tmp/22cd126af46cb089492dfed08f00a6e4/sysroot --with-binutils-version=2.25 --with-mpfr-version=3.1.1 --with-mpc-version=1.0.1 --with-gmp-version=5.0.5 --with-gcc-version=4.9 --with-gdb-version=none --with-gxx-include-dir=/tmp/22cd126af46cb089492dfed08f00a6e4/include/c++/4.9.x --with-bugurl=http://source.android.com/source/report-bugs.html --enable-languages=c,c++ --disable-bootstrap --enable-plugins --enable-libgomp --enable-gnu-indirect-function --disable-libsanitizer --enable-threads --enable-eh-frame-hdr-for-static --enable-graphite=yes --with-isl-version=0.11.1 --with-cloog-version=0.18.0 --with-arch=mips64r6 --disable-fixed-point --program-transform-name='s&^&mips64el-linux-android-&'
Thread model: posix
gcc version 4.9.x 20150123 (prerelease) (GCC) 
COMPILER_PATH=/Users/tony/Development/Android/NDK/toolchains/mips64el-linux-android-4.9/prebuilt/darwin-x86_64/bin/../libexec/gcc/mips64el-linux-android/4.9.x/:/Users/tony/Development/Android/NDK/toolchains/mips64el-linux-android-4.9/prebuilt/darwin-x86_64/bin/../libexec/gcc/:/Users/tony/Development/Android/NDK/toolchains/mips64el-linux-android-4.9/prebuilt/darwin-x86_64/bin/../lib/gcc/mips64el-linux-android/4.9.x/../../../../mips64el-linux-android/bin/
LIBRARY_PATH=/Users/tony/Development/Android/NDK/toolchains/mips64el-linux-android-4.9/prebuilt/darwin-x86_64/bin/../lib/gcc/mips64el-linux-android/4.9.x/:/Users/tony/Development/Android/NDK/toolchains/mips64el-linux-android-4.9/prebuilt/darwin-x86_64/bin/../lib/gcc/:/Users/tony/Development/Android/NDK/toolchains/mips64el-linux-android-4.9/prebuilt/darwin-x86_64/bin/../lib/gcc/mips64el-linux-android/4.9.x/../../../../mips64el-linux-android/lib/../lib64/:/Users/tony/Development/Android/NDK/platforms/android-21/arch-mips64/usr/lib64/../lib64/:/Users/tony/Development/Android/NDK/toolchains/mips64el-linux-android-4.9/prebuilt/darwin-x86_64/bin/../lib/gcc/mips64el-linux-android/4.9.x/../../../../mips64el-linux-android/lib/:/Users/tony/Development/Android/NDK/platforms/android-21/arch-mips64/usr/lib64/
COLLECT_GCC_OPTIONS='-g' '-D' 'ANDROID' '-fstack-protector-strong' '-Wformat=1' '-Werror=format-security' '-g' '-D' 'ANDROID' '-ffunction-sections' '-funwind-tables' '-fstack-protector-strong' '-Wformat=1' '-Werror=format-security' '-std=c++1y' '-frtti' '-fexceptions' '-pie' '-fPIE' '-v' '-o' 'cmTC_352e8' '-march=mips64r6' '-mllsc' '-mips64r6' '-msynci' '-mabi=64' '-mnan=2008' '-EL'
 /Users/tony/Development/Android/NDK/toolchains/mips64el-linux-android-4.9/prebuilt/darwin-x86_64/bin/../libexec/gcc/mips64el-linux-android/4.9.x/collect2 -plugin /Users/tony/Development/Android/NDK/toolchains/mips64el-linux-android-4.9/prebuilt/darwin-x86_64/bin/../libexec/gcc/mips64el-linux-android/4.9.x/liblto_plugin.so -plugin-opt=/Users/tony/Development/Android/NDK/toolchains/mips64el-linux-android-4.9/prebuilt/darwin-x86_64/bin/../libexec/gcc/mips64el-linux-android/4.9.x/lto-wrapper -plugin-opt=-fresolution=/var/folders/rv/fl0q19yj18nbx21bcm372h3m0000gn/T//ccsgopeD.res -plugin-opt=-pass-through=-lgcc -plugin-opt=-pass-through=-lc -plugin-opt=-pass-through=-ldl -plugin-opt=-pass-through=-lgcc --sysroot=/Users/tony/Development/Android/NDK/platforms/android-21/arch-mips64 --eh-frame-hdr -EL -mips64r6 -dynamic-linker /system/bin/linker64 -melf64ltsmip -z noexecstack -z relro -z now -pie -o cmTC_352e8 /Users/tony/Development/Android/NDK/platforms/android-21/arch-mips64/usr/lib64/../lib64/crtbegin_dynamic.o -L/Users/tony/Development/Android/NDK/toolchains/mips64el-linux-android-4.9/prebuilt/darwin-x86_64/bin/../lib/gcc/mips64el-linux-android/4.9.x -L/Users/tony/Development/Android/NDK/toolchains/mips64el-linux-android-4.9/prebuilt/darwin-x86_64/bin/../lib/gcc -L/Users/tony/Development/Android/NDK/toolchains/mips64el-linux-android-4.9/prebuilt/darwin-x86_64/bin/../lib/gcc/mips64el-linux-android/4.9.x/../../../../mips64el-linux-android/lib/../lib64 -L/Users/tony/Development/Android/NDK/platforms/android-21/arch-mips64/usr/lib64/../lib64 -L/Users/tony/Development/Android/NDK/toolchains/mips64el-linux-android-4.9/prebuilt/darwin-x86_64/bin/../lib/gcc/mips64el-linux-android/4.9.x/../../../../mips64el-linux-android/lib -L/Users/tony/Development/Android/NDK/platforms/android-21/arch-mips64/usr/lib64 --build-id --warn-shared-textrel --fatal-warnings --no-undefined -z noexecstack -z relro -z now --gc-sections -z nocopyreloc --build-id --warn-shared-textrel --fatal-warnings --no-undefined -z noexecstack -z relro -z now --gc-sections -z nocopyreloc CMakeFiles/cmTC_352e8.dir/CMakeCXXCompilerABI.cpp.o -lstdc++ -lm -lgcc -lc -ldl -lgcc /Users/tony/Development/Android/NDK/platforms/android-21/arch-mips64/usr/lib64/../lib64/crtend_android.o


Parsed CXX implicit link information from above output:
  link line regex: [^( *|.*[/\])(mips64el-linux-android-ld|([^/\]+-)?ld|collect2)[^/\]*( |$)]
  ignore line: [Change Dir: /Users/Tony/Development/Cantor/TicMyTac/app/.externalNativeBuild/cmake/debug/mips64/CMakeFiles/CMakeTmp]
  ignore line: []
  ignore line: [Run Build Command:"/Users/tony/Development/Android/SDK/cmake/3.6.4111459/bin/ninja" "cmTC_352e8"]
  ignore line: [[1/2] Building CXX object CMakeFiles/cmTC_352e8.dir/CMakeCXXCompilerABI.cpp.o]
  ignore line: [[2/2] Linking CXX executable cmTC_352e8]
  ignore line: [Using built-in specs.]
  ignore line: [COLLECT_GCC=/Users/tony/Development/Android/NDK/toolchains/mips64el-linux-android-4.9/prebuilt/darwin-x86_64/bin/mips64el-linux-android-g++]
  ignore line: [COLLECT_LTO_WRAPPER=/Users/tony/Development/Android/NDK/toolchains/mips64el-linux-android-4.9/prebuilt/darwin-x86_64/bin/../libexec/gcc/mips64el-linux-android/4.9.x/lto-wrapper]
  ignore line: [Target: mips64el-linux-android]
  ignore line: [Configured with: /Volumes/Android/buildbot/src/android/gcc/toolchain/build/../gcc/gcc-4.9/configure --prefix=/tmp/22cd126af46cb089492dfed08f00a6e4 --target=mips64el-linux-android --host=x86_64-apple-darwin --build=x86_64-apple-darwin --with-gnu-as --with-gnu-ld --enable-languages=c,c++ --with-gmp=/buildbot/tmp/build/toolchain/temp-install --with-mpfr=/buildbot/tmp/build/toolchain/temp-install --with-mpc=/buildbot/tmp/build/toolchain/temp-install --with-cloog=/buildbot/tmp/build/toolchain/temp-install --with-isl=/buildbot/tmp/build/toolchain/temp-install --with-ppl=/buildbot/tmp/build/toolchain/temp-install --disable-ppl-version-check --disable-cloog-version-check --disable-isl-version-check --enable-cloog-backend=isl --with-host-libstdcxx='-static-libgcc -lstdc++ -lm' --disable-libssp --enable-threads --disable-nls --disable-libmudflap --disable-libgomp --disable-libstdc__-v3 --disable-sjlj-exceptions --disable-shared --disable-tls --disable-libitm --enable-bionic-libs --enable-libatomic-ifuncs=no --enable-initfini-array --disable-nls --prefix=/tmp/22cd126af46cb089492dfed08f00a6e4 --with-sysroot=/tmp/22cd126af46cb089492dfed08f00a6e4/sysroot --with-binutils-version=2.25 --with-mpfr-version=3.1.1 --with-mpc-version=1.0.1 --with-gmp-version=5.0.5 --with-gcc-version=4.9 --with-gdb-version=none --with-gxx-include-dir=/tmp/22cd126af46cb089492dfed08f00a6e4/include/c++/4.9.x --with-bugurl=http://source.android.com/source/report-bugs.html --enable-languages=c,c++ --disable-bootstrap --enable-plugins --enable-libgomp --enable-gnu-indirect-function --disable-libsanitizer --enable-threads --enable-eh-frame-hdr-for-static --enable-graphite=yes --with-isl-version=0.11.1 --with-cloog-version=0.18.0 --with-arch=mips64r6 --disable-fixed-point --program-transform-name='s&^&mips64el-linux-android-&']
  ignore line: [Thread model: posix]
  ignore line: [gcc version 4.9.x 20150123 (prerelease) (GCC) ]
  ignore line: [COMPILER_PATH=/Users/tony/Development/Android/NDK/toolchains/mips64el-linux-android-4.9/prebuilt/darwin-x86_64/bin/../libexec/gcc/mips64el-linux-android/4.9.x/:/Users/tony/Development/Android/NDK/toolchains/mips64el-linux-android-4.9/prebuilt/darwin-x86_64/bin/../libexec/gcc/:/Users/tony/Development/Android/NDK/toolchains/mips64el-linux-android-4.9/prebuilt/darwin-x86_64/bin/../lib/gcc/mips64el-linux-android/4.9.x/../../../../mips64el-linux-android/bin/]
  ignore line: [LIBRARY_PATH=/Users/tony/Development/Android/NDK/toolchains/mips64el-linux-android-4.9/prebuilt/darwin-x86_64/bin/../lib/gcc/mips64el-linux-android/4.9.x/:/Users/tony/Development/Android/NDK/toolchains/mips64el-linux-android-4.9/prebuilt/darwin-x86_64/bin/../lib/gcc/:/Users/tony/Development/Android/NDK/toolchains/mips64el-linux-android-4.9/prebuilt/darwin-x86_64/bin/../lib/gcc/mips64el-linux-android/4.9.x/../../../../mips64el-linux-android/lib/../lib64/:/Users/tony/Development/Android/NDK/platforms/android-21/arch-mips64/usr/lib64/../lib64/:/Users/tony/Development/Android/NDK/toolchains/mips64el-linux-android-4.9/prebuilt/darwin-x86_64/bin/../lib/gcc/mips64el-linux-android/4.9.x/../../../../mips64el-linux-android/lib/:/Users/tony/Development/Android/NDK/platforms/android-21/arch-mips64/usr/lib64/]
  ignore line: [COLLECT_GCC_OPTIONS='-g' '-D' 'ANDROID' '-fstack-protector-strong' '-Wformat=1' '-Werror=format-security' '-g' '-D' 'ANDROID' '-ffunction-sections' '-funwind-tables' '-fstack-protector-strong' '-Wformat=1' '-Werror=format-security' '-std=c++1y' '-frtti' '-fexceptions' '-pie' '-fPIE' '-v' '-o' 'cmTC_352e8' '-march=mips64r6' '-mllsc' '-mips64r6' '-msynci' '-mabi=64' '-mnan=2008' '-EL']
  link line: [ /Users/tony/Development/Android/NDK/toolchains/mips64el-linux-android-4.9/prebuilt/darwin-x86_64/bin/../libexec/gcc/mips64el-linux-android/4.9.x/collect2 -plugin /Users/tony/Development/Android/NDK/toolchains/mips64el-linux-android-4.9/prebuilt/darwin-x86_64/bin/../libexec/gcc/mips64el-linux-android/4.9.x/liblto_plugin.so -plugin-opt=/Users/tony/Development/Android/NDK/toolchains/mips64el-linux-android-4.9/prebuilt/darwin-x86_64/bin/../libexec/gcc/mips64el-linux-android/4.9.x/lto-wrapper -plugin-opt=-fresolution=/var/folders/rv/fl0q19yj18nbx21bcm372h3m0000gn/T//ccsgopeD.res -plugin-opt=-pass-through=-lgcc -plugin-opt=-pass-through=-lc -plugin-opt=-pass-through=-ldl -plugin-opt=-pass-through=-lgcc --sysroot=/Users/tony/Development/Android/NDK/platforms/android-21/arch-mips64 --eh-frame-hdr -EL -mips64r6 -dynamic-linker /system/bin/linker64 -melf64ltsmip -z noexecstack -z relro -z now -pie -o cmTC_352e8 /Users/tony/Development/Android/NDK/platforms/android-21/arch-mips64/usr/lib64/../lib64/crtbegin_dynamic.o -L/Users/tony/Development/Android/NDK/toolchains/mips64el-linux-android-4.9/prebuilt/darwin-x86_64/bin/../lib/gcc/mips64el-linux-android/4.9.x -L/Users/tony/Development/Android/NDK/toolchains/mips64el-linux-android-4.9/prebuilt/darwin-x86_64/bin/../lib/gcc -L/Users/tony/Development/Android/NDK/toolchains/mips64el-linux-android-4.9/prebuilt/darwin-x86_64/bin/../lib/gcc/mips64el-linux-android/4.9.x/../../../../mips64el-linux-android/lib/../lib64 -L/Users/tony/Development/Android/NDK/platforms/android-21/arch-mips64/usr/lib64/../lib64 -L/Users/tony/Development/Android/NDK/toolchains/mips64el-linux-android-4.9/prebuilt/darwin-x86_64/bin/../lib/gcc/mips64el-linux-android/4.9.x/../../../../mips64el-linux-android/lib -L/Users/tony/Development/Android/NDK/platforms/android-21/arch-mips64/usr/lib64 --build-id --warn-shared-textrel --fatal-warnings --no-undefined -z noexecstack -z relro -z now --gc-sections -z nocopyreloc --build-id --warn-shared-textrel --fatal-warnings --no-undefined -z noexecstack -z relro -z now --gc-sections -z nocopyreloc CMakeFiles/cmTC_352e8.dir/CMakeCXXCompilerABI.cpp.o -lstdc++ -lm -lgcc -lc -ldl -lgcc /Users/tony/Development/Android/NDK/platforms/android-21/arch-mips64/usr/lib64/../lib64/crtend_android.o]
    arg [/Users/tony/Development/Android/NDK/toolchains/mips64el-linux-android-4.9/prebuilt/darwin-x86_64/bin/../libexec/gcc/mips64el-linux-android/4.9.x/collect2] ==> ignore
    arg [-plugin] ==> ignore
    arg [/Users/tony/Development/Android/NDK/toolchains/mips64el-linux-android-4.9/prebuilt/darwin-x86_64/bin/../libexec/gcc/mips64el-linux-android/4.9.x/liblto_plugin.so] ==> ignore
    arg [-plugin-opt=/Users/tony/Development/Android/NDK/toolchains/mips64el-linux-android-4.9/prebuilt/darwin-x86_64/bin/../libexec/gcc/mips64el-linux-android/4.9.x/lto-wrapper] ==> ignore
    arg [-plugin-opt=-fresolution=/var/folders/rv/fl0q19yj18nbx21bcm372h3m0000gn/T//ccsgopeD.res] ==> ignore
    arg [-plugin-opt=-pass-through=-lgcc] ==> ignore
    arg [-plugin-opt=-pass-through=-lc] ==> ignore
    arg [-plugin-opt=-pass-through=-ldl] ==> ignore
    arg [-plugin-opt=-pass-through=-lgcc] ==> ignore
    arg [--sysroot=/Users/tony/Development/Android/NDK/platforms/android-21/arch-mips64] ==> ignore
    arg [--eh-frame-hdr] ==> ignore
    arg [-EL] ==> ignore
    arg [-mips64r6] ==> ignore
    arg [-dynamic-linker] ==> ignore
    arg [/system/bin/linker64] ==> ignore
    arg [-melf64ltsmip] ==> ignore
    arg [-znoexecstack] ==> ignore
    arg [-zrelro] ==> ignore
    arg [-znow] ==> ignore
    arg [-pie] ==> ignore
    arg [-o] ==> ignore
    arg [cmTC_352e8] ==> ignore
    arg [/Users/tony/Development/Android/NDK/platforms/android-21/arch-mips64/usr/lib64/../lib64/crtbegin_dynamic.o] ==> ignore
    arg [-L/Users/tony/Development/Android/NDK/toolchains/mips64el-linux-android-4.9/prebuilt/darwin-x86_64/bin/../lib/gcc/mips64el-linux-android/4.9.x] ==> dir [/Users/tony/Development/Android/NDK/toolchains/mips64el-linux-android-4.9/prebuilt/darwin-x86_64/bin/../lib/gcc/mips64el-linux-android/4.9.x]
    arg [-L/Users/tony/Development/Android/NDK/toolchains/mips64el-linux-android-4.9/prebuilt/darwin-x86_64/bin/../lib/gcc] ==> dir [/Users/tony/Development/Android/NDK/toolchains/mips64el-linux-android-4.9/prebuilt/darwin-x86_64/bin/../lib/gcc]
    arg [-L/Users/tony/Development/Android/NDK/toolchains/mips64el-linux-android-4.9/prebuilt/darwin-x86_64/bin/../lib/gcc/mips64el-linux-android/4.9.x/../../../../mips64el-linux-android/lib/../lib64] ==> dir [/Users/tony/Development/Android/NDK/toolchains/mips64el-linux-android-4.9/prebuilt/darwin-x86_64/bin/../lib/gcc/mips64el-linux-android/4.9.x/../../../../mips64el-linux-android/lib/../lib64]
    arg [-L/Users/tony/Development/Android/NDK/platforms/android-21/arch-mips64/usr/lib64/../lib64] ==> dir [/Users/tony/Development/Android/NDK/platforms/android-21/arch-mips64/usr/lib64/../lib64]
    arg [-L/Users/tony/Development/Android/NDK/toolchains/mips64el-linux-android-4.9/prebuilt/darwin-x86_64/bin/../lib/gcc/mips64el-linux-android/4.9.x/../../../../mips64el-linux-android/lib] ==> dir [/Users/tony/Development/Android/NDK/toolchains/mips64el-linux-android-4.9/prebuilt/darwin-x86_64/bin/../lib/gcc/mips64el-linux-android/4.9.x/../../../../mips64el-linux-android/lib]
    arg [-L/Users/tony/Development/Android/NDK/platforms/android-21/arch-mips64/usr/lib64] ==> dir [/Users/tony/Development/Android/NDK/platforms/android-21/arch-mips64/usr/lib64]
    arg [--build-id] ==> ignore
    arg [--warn-shared-textrel] ==> ignore
    arg [--fatal-warnings] ==> ignore
    arg [--no-undefined] ==> ignore
    arg [-znoexecstack] ==> ignore
    arg [-zrelro] ==> ignore
    arg [-znow] ==> ignore
    arg [--gc-sections] ==> ignore
    arg [-znocopyreloc] ==> ignore
    arg [--build-id] ==> ignore
    arg [--warn-shared-textrel] ==> ignore
    arg [--fatal-warnings] ==> ignore
    arg [--no-undefined] ==> ignore
    arg [-znoexecstack] ==> ignore
    arg [-zrelro] ==> ignore
    arg [-znow] ==> ignore
    arg [--gc-sections] ==> ignore
    arg [-znocopyreloc] ==> ignore
    arg [CMakeFiles/cmTC_352e8.dir/CMakeCXXCompilerABI.cpp.o] ==> ignore
    arg [-lstdc++] ==> lib [stdc++]
    arg [-lm] ==> lib [m]
    arg [-lgcc] ==> lib [gcc]
    arg [-lc] ==> lib [c]
    arg [-ldl] ==> lib [dl]
    arg [-lgcc] ==> lib [gcc]
    arg [/Users/tony/Development/Android/NDK/platforms/android-21/arch-mips64/usr/lib64/../lib64/crtend_android.o] ==> ignore
  remove lib [gcc]
  remove lib [gcc]
  collapse library dir [/Users/tony/Development/Android/NDK/toolchains/mips64el-linux-android-4.9/prebuilt/darwin-x86_64/bin/../lib/gcc/mips64el-linux-android/4.9.x] ==> [/Users/tony/Development/Android/NDK/toolchains/mips64el-linux-android-4.9/prebuilt/darwin-x86_64/lib/gcc/mips64el-linux-android/4.9.x]
  collapse library dir [/Users/tony/Development/Android/NDK/toolchains/mips64el-linux-android-4.9/prebuilt/darwin-x86_64/bin/../lib/gcc] ==> [/Users/tony/Development/Android/NDK/toolchains/mips64el-linux-android-4.9/prebuilt/darwin-x86_64/lib/gcc]
  collapse library dir [/Users/tony/Development/Android/NDK/toolchains/mips64el-linux-android-4.9/prebuilt/darwin-x86_64/bin/../lib/gcc/mips64el-linux-android/4.9.x/../../../../mips64el-linux-android/lib/../lib64] ==> [/Users/tony/Development/Android/NDK/toolchains/mips64el-linux-android-4.9/prebuilt/darwin-x86_64/mips64el-linux-android/lib64]
  collapse library dir [/Users/tony/Development/Android/NDK/platforms/android-21/arch-mips64/usr/lib64/../lib64] ==> [/Users/tony/Development/Android/NDK/platforms/android-21/arch-mips64/usr/lib64]
  collapse library dir [/Users/tony/Development/Android/NDK/toolchains/mips64el-linux-android-4.9/prebuilt/darwin-x86_64/bin/../lib/gcc/mips64el-linux-android/4.9.x/../../../../mips64el-linux-android/lib] ==> [/Users/tony/Development/Android/NDK/toolchains/mips64el-linux-android-4.9/prebuilt/darwin-x86_64/mips64el-linux-android/lib]
  collapse library dir [/Users/tony/Development/Android/NDK/platforms/android-21/arch-mips64/usr/lib64] ==> [/Users/tony/Development/Android/NDK/platforms/android-21/arch-mips64/usr/lib64]
  implicit libs: [stdc++;m;c;dl]
  implicit dirs: [/Users/tony/Development/Android/NDK/toolchains/mips64el-linux-android-4.9/prebuilt/darwin-x86_64/lib/gcc/mips64el-linux-android/4.9.x;/Users/tony/Development/Android/NDK/toolchains/mips64el-linux-android-4.9/prebuilt/darwin-x86_64/lib/gcc;/Users/tony/Development/Android/NDK/toolchains/mips64el-linux-android-4.9/prebuilt/darwin-x86_64/mips64el-linux-android/lib64;/Users/tony/Development/Android/NDK/platforms/android-21/arch-mips64/usr/lib64;/Users/tony/Development/Android/NDK/toolchains/mips64el-linux-android-4.9/prebuilt/darwin-x86_64/mips64el-linux-android/lib]
  implicit fwks: []




Detecting CXX [-std=c++14] compiler features compiled with the following output:
Change Dir: /Users/Tony/Development/Cantor/TicMyTac/app/.externalNativeBuild/cmake/debug/mips64/CMakeFiles/CMakeTmp

Run Build Command:"/Users/tony/Development/Android/SDK/cmake/3.6.4111459/bin/ninja" "cmTC_5243a"
[1/2] Building CXX object CMakeFiles/cmTC_5243a.dir/feature_tests.cxx.o
[2/2] Linking CXX executable cmTC_5243a


    Feature record: CXX_FEATURE:0cxx_aggregate_default_initializers
    Feature record: CXX_FEATURE:1cxx_alias_templates
    Feature record: CXX_FEATURE:1cxx_alignas
    Feature record: CXX_FEATURE:1cxx_alignof
    Feature record: CXX_FEATURE:1cxx_attributes
    Feature record: CXX_FEATURE:1cxx_attribute_deprecated
    Feature record: CXX_FEATURE:1cxx_auto_type
    Feature record: CXX_FEATURE:1cxx_binary_literals
    Feature record: CXX_FEATURE:1cxx_constexpr
    Feature record: CXX_FEATURE:1cxx_contextual_conversions
    Feature record: CXX_FEATURE:1cxx_decltype
    Feature record: CXX_FEATURE:1cxx_decltype_auto
    Feature record: CXX_FEATURE:1cxx_decltype_incomplete_return_types
    Feature record: CXX_FEATURE:1cxx_default_function_template_args
    Feature record: CXX_FEATURE:1cxx_defaulted_functions
    Feature record: CXX_FEATURE:1cxx_defaulted_move_initializers
    Feature record: CXX_FEATURE:1cxx_delegating_constructors
    Feature record: CXX_FEATURE:1cxx_deleted_functions
    Feature record: CXX_FEATURE:1cxx_digit_separators
    Feature record: CXX_FEATURE:1cxx_enum_forward_declarations
    Feature record: CXX_FEATURE:1cxx_explicit_conversions
    Feature record: CXX_FEATURE:1cxx_extended_friend_declarations
    Feature record: CXX_FEATURE:1cxx_extern_templates
    Feature record: CXX_FEATURE:1cxx_final
    Feature record: CXX_FEATURE:1cxx_func_identifier
    Feature record: CXX_FEATURE:1cxx_generalized_initializers
    Feature record: CXX_FEATURE:1cxx_generic_lambdas
    Feature record: CXX_FEATURE:1cxx_inheriting_constructors
    Feature record: CXX_FEATURE:1cxx_inline_namespaces
    Feature record: CXX_FEATURE:1cxx_lambdas
    Feature record: CXX_FEATURE:1cxx_lambda_init_captures
    Feature record: CXX_FEATURE:1cxx_local_type_template_args
    Feature record: CXX_FEATURE:1cxx_long_long_type
    Feature record: CXX_FEATURE:1cxx_noexcept
    Feature record: CXX_FEATURE:1cxx_nonstatic_member_init
    Feature record: CXX_FEATURE:1cxx_nullptr
    Feature record: CXX_FEATURE:1cxx_override
    Feature record: CXX_FEATURE:1cxx_range_for
    Feature record: CXX_FEATURE:1cxx_raw_string_literals
    Feature record: CXX_FEATURE:1cxx_reference_qualified_functions
    Feature record: CXX_FEATURE:0cxx_relaxed_constexpr
    Feature record: CXX_FEATURE:1cxx_return_type_deduction
    Feature record: CXX_FEATURE:1cxx_right_angle_brackets
    Feature record: CXX_FEATURE:1cxx_rvalue_references
    Feature record: CXX_FEATURE:1cxx_sizeof_member
    Feature record: CXX_FEATURE:1cxx_static_assert
    Feature record: CXX_FEATURE:1cxx_strong_enums
    Feature record: CXX_FEATURE:1cxx_template_template_parameters
    Feature record: CXX_FEATURE:1cxx_thread_local
    Feature record: CXX_FEATURE:1cxx_trailing_return_types
    Feature record: CXX_FEATURE:1cxx_unicode_literals
    Feature record: CXX_FEATURE:1cxx_uniform_initialization
    Feature record: CXX_FEATURE:1cxx_unrestricted_unions
    Feature record: CXX_FEATURE:1cxx_user_literals
    Feature record: CXX_FEATURE:0cxx_variable_templates
    Feature record: CXX_FEATURE:1cxx_variadic_macros
    Feature record: CXX_FEATURE:1cxx_variadic_templates


Detecting CXX [-std=c++11] compiler features compiled with the following output:
Change Dir: /Users/Tony/Development/Cantor/TicMyTac/app/.externalNativeBuild/cmake/debug/mips64/CMakeFiles/CMakeTmp

Run Build Command:"/Users/tony/Development/Android/SDK/cmake/3.6.4111459/bin/ninja" "cmTC_f317d"
[1/2] Building CXX object CMakeFiles/cmTC_f317d.dir/feature_tests.cxx.o
[2/2] Linking CXX executable cmTC_f317d


    Feature record: CXX_FEATURE:0cxx_aggregate_default_initializers
    Feature record: CXX_FEATURE:1cxx_alias_templates
    Feature record: CXX_FEATURE:1cxx_alignas
    Feature record: CXX_FEATURE:1cxx_alignof
    Feature record: CXX_FEATURE:1cxx_attributes
    Feature record: CXX_FEATURE:0cxx_attribute_deprecated
    Feature record: CXX_FEATURE:1cxx_auto_type
    Feature record: CXX_FEATURE:0cxx_binary_literals
    Feature record: CXX_FEATURE:1cxx_constexpr
    Feature record: CXX_FEATURE:0cxx_contextual_conversions
    Feature record: CXX_FEATURE:1cxx_decltype
    Feature record: CXX_FEATURE:0cxx_decltype_auto
    Feature record: CXX_FEATURE:1cxx_decltype_incomplete_return_types
    Feature record: CXX_FEATURE:1cxx_default_function_template_args
    Feature record: CXX_FEATURE:1cxx_defaulted_functions
    Feature record: CXX_FEATURE:1cxx_defaulted_move_initializers
    Feature record: CXX_FEATURE:1cxx_delegating_constructors
    Feature record: CXX_FEATURE:1cxx_deleted_functions
    Feature record: CXX_FEATURE:0cxx_digit_separators
    Feature record: CXX_FEATURE:1cxx_enum_forward_declarations
    Feature record: CXX_FEATURE:1cxx_explicit_conversions
    Feature record: CXX_FEATURE:1cxx_extended_friend_declarations
    Feature record: CXX_FEATURE:1cxx_extern_templates
    Feature record: CXX_FEATURE:1cxx_final
    Feature record: CXX_FEATURE:1cxx_func_identifier
    Feature record: CXX_FEATURE:1cxx_generalized_initializers
    Feature record: CXX_FEATURE:0cxx_generic_lambdas
    Feature record: CXX_FEATURE:1cxx_inheriting_constructors
    Feature record: CXX_FEATURE:1cxx_inline_namespaces
    Feature record: CXX_FEATURE:1cxx_lambdas
    Feature record: CXX_FEATURE:0cxx_lambda_init_captures
    Feature record: CXX_FEATURE:1cxx_local_type_template_args
    Feature record: CXX_FEATURE:1cxx_long_long_type
    Feature record: CXX_FEATURE:1cxx_noexcept
    Feature record: CXX_FEATURE:1cxx_nonstatic_member_init
    Feature record: CXX_FEATURE:1cxx_nullptr
    Feature record: CXX_FEATURE:1cxx_override
    Feature record: CXX_FEATURE:1cxx_range_for
    Feature record: CXX_FEATURE:1cxx_raw_string_literals
    Feature record: CXX_FEATURE:1cxx_reference_qualified_functions
    Feature record: CXX_FEATURE:0cxx_relaxed_constexpr
    Feature record: CXX_FEATURE:0cxx_return_type_deduction
    Feature record: CXX_FEATURE:1cxx_right_angle_brackets
    Feature record: CXX_FEATURE:1cxx_rvalue_references
    Feature record: CXX_FEATURE:1cxx_sizeof_member
    Feature record: CXX_FEATURE:1cxx_static_assert
    Feature record: CXX_FEATURE:1cxx_strong_enums
    Feature record: CXX_FEATURE:1cxx_template_template_parameters
    Feature record: CXX_FEATURE:1cxx_thread_local
    Feature record: CXX_FEATURE:1cxx_trailing_return_types
    Feature record: CXX_FEATURE:1cxx_unicode_literals
    Feature record: CXX_FEATURE:1cxx_uniform_initialization
    Feature record: CXX_FEATURE:1cxx_unrestricted_unions
    Feature record: CXX_FEATURE:1cxx_user_literals
    Feature record: CXX_FEATURE:0cxx_variable_templates
    Feature record: CXX_FEATURE:1cxx_variadic_macros
    Feature record: CXX_FEATURE:1cxx_variadic_templates


Detecting CXX [-std=c++98] compiler features compiled with the following output:
Change Dir: /Users/Tony/Development/Cantor/TicMyTac/app/.externalNativeBuild/cmake/debug/mips64/CMakeFiles/CMakeTmp

Run Build Command:"/Users/tony/Development/Android/SDK/cmake/3.6.4111459/bin/ninja" "cmTC_8bc34"
[1/2] Building CXX object CMakeFiles/cmTC_8bc34.dir/feature_tests.cxx.o
[2/2] Linking CXX executable cmTC_8bc34


    Feature record: CXX_FEATURE:0cxx_aggregate_default_initializers
    Feature record: CXX_FEATURE:0cxx_alias_templates
    Feature record: CXX_FEATURE:0cxx_alignas
    Feature record: CXX_FEATURE:0cxx_alignof
    Feature record: CXX_FEATURE:0cxx_attributes
    Feature record: CXX_FEATURE:0cxx_attribute_deprecated
    Feature record: CXX_FEATURE:0cxx_auto_type
    Feature record: CXX_FEATURE:0cxx_binary_literals
    Feature record: CXX_FEATURE:0cxx_constexpr
    Feature record: CXX_FEATURE:0cxx_contextual_conversions
    Feature record: CXX_FEATURE:0cxx_decltype
    Feature record: CXX_FEATURE:0cxx_decltype_auto
    Feature record: CXX_FEATURE:0cxx_decltype_incomplete_return_types
    Feature record: CXX_FEATURE:0cxx_default_function_template_args
    Feature record: CXX_FEATURE:0cxx_defaulted_functions
    Feature record: CXX_FEATURE:0cxx_defaulted_move_initializers
    Feature record: CXX_FEATURE:0cxx_delegating_constructors
    Feature record: CXX_FEATURE:0cxx_deleted_functions
    Feature record: CXX_FEATURE:0cxx_digit_separators
    Feature record: CXX_FEATURE:0cxx_enum_forward_declarations
    Feature record: CXX_FEATURE:0cxx_explicit_conversions
    Feature record: CXX_FEATURE:0cxx_extended_friend_declarations
    Feature record: CXX_FEATURE:0cxx_extern_templates
    Feature record: CXX_FEATURE:0cxx_final
    Feature record: CXX_FEATURE:0cxx_func_identifier
    Feature record: CXX_FEATURE:0cxx_generalized_initializers
    Feature record: CXX_FEATURE:0cxx_generic_lambdas
    Feature record: CXX_FEATURE:0cxx_inheriting_constructors
    Feature record: CXX_FEATURE:0cxx_inline_namespaces
    Feature record: CXX_FEATURE:0cxx_lambdas
    Feature record: CXX_FEATURE:0cxx_lambda_init_captures
    Feature record: CXX_FEATURE:0cxx_local_type_template_args
    Feature record: CXX_FEATURE:0cxx_long_long_type
    Feature record: CXX_FEATURE:0cxx_noexcept
    Feature record: CXX_FEATURE:0cxx_nonstatic_member_init
    Feature record: CXX_FEATURE:0cxx_nullptr
    Feature record: CXX_FEATURE:0cxx_override
    Feature record: CXX_FEATURE:0cxx_range_for
    Feature record: CXX_FEATURE:0cxx_raw_string_literals
    Feature record: CXX_FEATURE:0cxx_reference_qualified_functions
    Feature record: CXX_FEATURE:0cxx_relaxed_constexpr
    Feature record: CXX_FEATURE:0cxx_return_type_deduction
    Feature record: CXX_FEATURE:0cxx_right_angle_brackets
    Feature record: CXX_FEATURE:0cxx_rvalue_references
    Feature record: CXX_FEATURE:0cxx_sizeof_member
    Feature record: CXX_FEATURE:0cxx_static_assert
    Feature record: CXX_FEATURE:0cxx_strong_enums
    Feature record: CXX_FEATURE:1cxx_template_template_parameters
    Feature record: CXX_FEATURE:0cxx_thread_local
    Feature record: CXX_FEATURE:0cxx_trailing_return_types
    Feature record: CXX_FEATURE:0cxx_unicode_literals
    Feature record: CXX_FEATURE:0cxx_uniform_initialization
    Feature record: CXX_FEATURE:0cxx_unrestricted_unions
    Feature record: CXX_FEATURE:0cxx_user_literals
    Feature record: CXX_FEATURE:0cxx_variable_templates
    Feature record: CXX_FEATURE:0cxx_variadic_macros
    Feature record: CXX_FEATURE:0cxx_variadic_templates
